<?xml version="1.0" encoding="UTF-8"?>
<coverage generated="1632648106524" clover="3.2.0">
  <project timestamp="1632648106524" name="All files">
    <metrics statements="87" coveredstatements="86" conditionals="49" coveredconditionals="44" methods="10" coveredmethods="10" elements="146" coveredelements="140" complexity="0" loc="87" ncloc="87" packages="1" files="2" classes="2"/>
    <file name="CtxexpParser.ts" path="/Volumes/HD/work/_temp/ctxexp-parser/src/core/CtxexpParser.ts">
      <metrics statements="76" coveredstatements="75" conditionals="44" coveredconditionals="42" methods="7" coveredmethods="7"/>
      <line num="1" count="1" type="stmt"/>
      <line num="2" count="1" type="stmt"/>
      <line num="3" count="1" type="stmt"/>
      <line num="4" count="1" type="stmt"/>
      <line num="6" count="1" type="stmt"/>
      <line num="10" count="15" type="stmt"/>
      <line num="11" count="15" type="stmt"/>
      <line num="15" count="14" type="stmt"/>
      <line num="16" count="14" type="stmt"/>
      <line num="17" count="121" type="cond" truecount="4" falsecount="0"/>
      <line num="18" count="18" type="stmt"/>
      <line num="20" count="103" type="cond" truecount="2" falsecount="0"/>
      <line num="21" count="16" type="stmt"/>
      <line num="22" count="16" type="stmt"/>
      <line num="23" count="39" type="stmt"/>
      <line num="24" count="39" type="stmt"/>
      <line num="25" count="38" type="stmt"/>
      <line num="27" count="15" type="cond" truecount="4" falsecount="0"/>
      <line num="28" count="1" type="stmt"/>
      <line num="34" count="14" type="stmt"/>
      <line num="35" count="14" type="stmt"/>
      <line num="38" count="87" type="cond" truecount="2" falsecount="0"/>
      <line num="39" count="68" type="cond" truecount="2" falsecount="0"/>
      <line num="40" count="34" type="stmt"/>
      <line num="41" count="32" type="stmt"/>
      <line num="43" count="34" type="cond" truecount="1" falsecount="1"/>
      <line num="44" count="0" type="stmt"/>
      <line num="46" count="34" type="stmt"/>
      <line num="47" count="32" type="stmt"/>
      <line num="50" count="19" type="cond" truecount="1" falsecount="1"/>
      <line num="51" count="19" type="stmt"/>
      <line num="55" count="14" type="stmt"/>
      <line num="58" count="13" type="stmt"/>
      <line num="62" count="14" type="stmt"/>
      <line num="64" count="14" type="stmt"/>
      <line num="65" count="14" type="stmt"/>
      <line num="66" count="14" type="stmt"/>
      <line num="68" count="14" type="stmt"/>
      <line num="71" count="267" type="stmt"/>
      <line num="72" count="267" type="stmt"/>
      <line num="76" count="185" type="stmt"/>
      <line num="77" count="185" type="cond" truecount="2" falsecount="0"/>
      <line num="78" count="9" type="stmt"/>
      <line num="80" count="176" type="cond" truecount="2" falsecount="0"/>
      <line num="81" count="10" type="stmt"/>
      <line num="83" count="166" type="cond" truecount="4" falsecount="0"/>
      <line num="84" count="14" type="stmt"/>
      <line num="87" count="152" type="cond" truecount="2" falsecount="0"/>
      <line num="91" count="36" type="stmt"/>
      <line num="94" count="116" type="cond" truecount="2" falsecount="0"/>
      <line num="98" count="17" type="stmt"/>
      <line num="101" count="99" type="cond" truecount="2" falsecount="0"/>
      <line num="102" count="17" type="stmt"/>
      <line num="103" count="17" type="cond" truecount="2" falsecount="0"/>
      <line num="104" count="4" type="stmt"/>
      <line num="105" count="4" type="stmt"/>
      <line num="106" count="13" type="cond" truecount="2" falsecount="0"/>
      <line num="107" count="4" type="stmt"/>
      <line num="108" count="4" type="stmt"/>
      <line num="109" count="4" type="stmt"/>
      <line num="110" count="4" type="stmt"/>
      <line num="112" count="9" type="stmt"/>
      <line num="114" count="17" type="stmt"/>
      <line num="115" count="17" type="stmt"/>
      <line num="116" count="24" type="cond" truecount="2" falsecount="0"/>
      <line num="117" count="4" type="stmt"/>
      <line num="118" count="4" type="stmt"/>
      <line num="119" count="20" type="cond" truecount="2" falsecount="0"/>
      <line num="120" count="7" type="stmt"/>
      <line num="121" count="7" type="stmt"/>
      <line num="122" count="7" type="stmt"/>
      <line num="123" count="7" type="stmt"/>
      <line num="125" count="13" type="stmt"/>
      <line num="127" count="24" type="stmt"/>
      <line num="129" count="17" type="stmt"/>
      <line num="132" count="82" type="stmt"/>
    </file>
    <file name="Node.ts" path="/Volumes/HD/work/_temp/ctxexp-parser/src/core/Node.ts">
      <metrics statements="11" coveredstatements="11" conditionals="5" coveredconditionals="2" methods="3" coveredmethods="3"/>
      <line num="1" count="1" type="stmt"/>
      <line num="6" count="80" type="stmt"/>
      <line num="7" count="80" type="stmt"/>
      <line num="8" count="80" type="stmt"/>
      <line num="12" count="1" type="stmt"/>
      <line num="17" count="18" type="stmt"/>
      <line num="18" count="18" type="stmt"/>
      <line num="19" count="18" type="stmt"/>
      <line num="22" count="1" type="stmt"/>
      <line num="26" count="19" type="stmt"/>
      <line num="27" count="19" type="stmt"/>
    </file>
  </project>
</coverage>
