{"/Volumes/HD/work/_temp/ctxexp-parser/src/core/CtxexpParser.ts": {"path":"/Volumes/HD/work/_temp/ctxexp-parser/src/core/CtxexpParser.ts","statementMap":{"0":{"start":{"line":1,"column":0},"end":{"line":1,"column":32}},"1":{"start":{"line":2,"column":0},"end":{"line":2,"column":43}},"2":{"start":{"line":8,"column":4},"end":{"line":8,"column":44}},"3":{"start":{"line":9,"column":4},"end":{"line":9,"column":26}},"4":{"start":{"line":13,"column":14},"end":{"line":13,"column":22}},"5":{"start":{"line":14,"column":16},"end":{"line":37,"column":5}},"6":{"start":{"line":15,"column":6},"end":{"line":17,"column":null}},"7":{"start":{"line":16,"column":8},"end":{"line":16,"column":19}},"8":{"start":{"line":18,"column":6},"end":{"line":27,"column":null}},"9":{"start":{"line":19,"column":21},"end":{"line":19,"column":23}},"10":{"start":{"line":20,"column":8},"end":{"line":24,"column":null}},"11":{"start":{"line":20,"column":21},"end":{"line":20,"column":22}},"12":{"start":{"line":21,"column":26},"end":{"line":21,"column":38}},"13":{"start":{"line":22,"column":22},"end":{"line":22,"column":37}},"14":{"start":{"line":23,"column":10},"end":{"line":23,"column":25}},"15":{"start":{"line":25,"column":20},"end":{"line":25,"column":43}},"16":{"start":{"line":26,"column":8},"end":{"line":26,"column":19}},"17":{"start":{"line":29,"column":6},"end":{"line":36,"column":null}},"18":{"start":{"line":30,"column":8},"end":{"line":33,"column":null}},"19":{"start":{"line":31,"column":22},"end":{"line":31,"column":39}},"20":{"start":{"line":32,"column":10},"end":{"line":32,"column":21}},"21":{"start":{"line":34,"column":20},"end":{"line":34,"column":50}},"22":{"start":{"line":35,"column":8},"end":{"line":35,"column":19}},"23":{"start":{"line":39,"column":4},"end":{"line":39,"column":23}},"24":{"start":{"line":42,"column":4},"end":{"line":42,"column":38}},"25":{"start":{"line":46,"column":19},"end":{"line":46,"column":30}},"26":{"start":{"line":48,"column":23},"end":{"line":48,"column":27}},"27":{"start":{"line":49,"column":27},"end":{"line":49,"column":31}},"28":{"start":{"line":50,"column":14},"end":{"line":50,"column":22}},"29":{"start":{"line":51,"column":16},"end":{"line":51,"column":18}},"30":{"start":{"line":53,"column":4},"end":{"line":53,"column":43}},"31":{"start":{"line":55,"column":4},"end":{"line":55,"column":15}},"32":{"start":{"line":58,"column":6},"end":{"line":58,"column":24}},"33":{"start":{"line":59,"column":6},"end":{"line":59,"column":29}},"34":{"start":{"line":63,"column":6},"end":{"line":63,"column":13}},"35":{"start":{"line":64,"column":6},"end":{"line":66,"column":null}},"36":{"start":{"line":65,"column":8},"end":{"line":65,"column":20}},"37":{"start":{"line":67,"column":6},"end":{"line":69,"column":null}},"38":{"start":{"line":68,"column":8},"end":{"line":68,"column":20}},"39":{"start":{"line":70,"column":6},"end":{"line":74,"column":null}},"40":{"start":{"line":71,"column":20},"end":{"line":71,"column":46}},"41":{"start":{"line":72,"column":8},"end":{"line":72,"column":28}},"42":{"start":{"line":73,"column":8},"end":{"line":73,"column":19}},"43":{"start":{"line":76,"column":6},"end":{"line":81,"column":null}},"44":{"start":{"line":80,"column":8},"end":{"line":80,"column":52}},"45":{"start":{"line":83,"column":6},"end":{"line":88,"column":null}},"46":{"start":{"line":87,"column":8},"end":{"line":87,"column":50}},"47":{"start":{"line":90,"column":6},"end":{"line":101,"column":null}},"48":{"start":{"line":94,"column":21},"end":{"line":94,"column":23}},"49":{"start":{"line":95,"column":8},"end":{"line":95,"column":56}},"50":{"start":{"line":96,"column":8},"end":{"line":96,"column":15}},"51":{"start":{"line":97,"column":8},"end":{"line":99,"column":null}},"52":{"start":{"line":98,"column":10},"end":{"line":98,"column":58}},"53":{"start":{"line":100,"column":8},"end":{"line":100,"column":20}},"54":{"start":{"line":103,"column":6},"end":{"line":103,"column":22}},"55":{"start":{"line":4,"column":0},"end":{"line":4,"column":13}},"56":{"start":{"line":111,"column":4},"end":{"line":111,"column":21}},"57":{"start":{"line":112,"column":4},"end":{"line":112,"column":21}},"58":{"start":{"line":107,"column":0},"end":{"line":107,"column":13}},"59":{"start":{"line":120,"column":4},"end":{"line":120,"column":21}},"60":{"start":{"line":121,"column":4},"end":{"line":121,"column":21}},"61":{"start":{"line":116,"column":0},"end":{"line":116,"column":13}},"62":{"start":{"line":127,"column":4},"end":{"line":127,"column":23}},"63":{"start":{"line":133,"column":4},"end":{"line":133,"column":23}},"64":{"start":{"line":136,"column":13},"end":{"line":147,"column":2}},"65":{"start":{"line":137,"column":12},"end":{"line":146,"column":4}},"66":{"start":{"line":149,"column":2},"end":{"line":149,"column":14}}},"fnMap":{"0":{"name":"(anonymous_0)","decl":{"start":{"line":7,"column":2},"end":{"line":7,"column":14}},"loc":{"start":{"line":7,"column":22},"end":{"line":10,"column":3}}},"1":{"name":"(anonymous_1)","decl":{"start":{"line":12,"column":2},"end":{"line":12,"column":9}},"loc":{"start":{"line":12,"column":13},"end":{"line":40,"column":3}}},"2":{"name":"(anonymous_2)","decl":{"start":{"line":14,"column":16},"end":{"line":14,"column":17}},"loc":{"start":{"line":14,"column":30},"end":{"line":37,"column":5}}},"3":{"name":"(anonymous_3)","decl":{"start":{"line":41,"column":2},"end":{"line":41,"column":6}},"loc":{"start":{"line":41,"column":6},"end":{"line":43,"column":3}}},"4":{"name":"(anonymous_4)","decl":{"start":{"line":45,"column":2},"end":{"line":45,"column":7}},"loc":{"start":{"line":45,"column":7},"end":{"line":105,"column":3}}},"5":{"name":"walk","decl":{"start":{"line":57,"column":13},"end":{"line":57,"column":17}},"loc":{"start":{"line":57,"column":17},"end":{"line":60,"column":5}}},"6":{"name":"access","decl":{"start":{"line":62,"column":13},"end":{"line":62,"column":19}},"loc":{"start":{"line":62,"column":19},"end":{"line":104,"column":5}}},"7":{"name":"(anonymous_7)","decl":{"start":{"line":110,"column":2},"end":{"line":110,"column":14}},"loc":{"start":{"line":110,"column":31},"end":{"line":113,"column":3}}},"8":{"name":"(anonymous_8)","decl":{"start":{"line":119,"column":2},"end":{"line":119,"column":14}},"loc":{"start":{"line":119,"column":24},"end":{"line":122,"column":3}}},"9":{"name":"(anonymous_9)","decl":{"start":{"line":126,"column":2},"end":{"line":126,"column":14}},"loc":{"start":{"line":126,"column":19},"end":{"line":128,"column":3}}},"10":{"name":"(anonymous_10)","decl":{"start":{"line":132,"column":2},"end":{"line":132,"column":14}},"loc":{"start":{"line":132,"column":19},"end":{"line":134,"column":3}}},"11":{"name":"(anonymous_11)","decl":{"start":{"line":137,"column":2},"end":{"line":137,"column":3}},"loc":{"start":{"line":137,"column":12},"end":{"line":146,"column":4}}},"12":{"name":"expFn","decl":{"start":{"line":148,"column":9},"end":{"line":148,"column":14}},"loc":{"start":{"line":148,"column":17},"end":{"line":150,"column":1}}}},"branchMap":{"0":{"loc":{"start":{"line":15,"column":6},"end":{"line":17,"column":null}},"type":"if","locations":[{"start":{"line":15,"column":6},"end":{"line":17,"column":null}},{"start":{"line":15,"column":6},"end":{"line":17,"column":null}}]},"1":{"loc":{"start":{"line":15,"column":10},"end":{"line":15,"column":15}},"type":"binary-expr","locations":[{"start":{"line":15,"column":10},"end":{"line":15,"column":15}},{"start":{"line":15,"column":19},"end":{"line":15,"column":49}}]},"2":{"loc":{"start":{"line":18,"column":6},"end":{"line":27,"column":null}},"type":"if","locations":[{"start":{"line":18,"column":6},"end":{"line":27,"column":null}},{"start":{"line":18,"column":6},"end":{"line":27,"column":null}}]},"3":{"loc":{"start":{"line":29,"column":6},"end":{"line":36,"column":null}},"type":"if","locations":[{"start":{"line":29,"column":6},"end":{"line":36,"column":null}},{"start":{"line":29,"column":6},"end":{"line":36,"column":null}}]},"4":{"loc":{"start":{"line":30,"column":8},"end":{"line":33,"column":null}},"type":"if","locations":[{"start":{"line":30,"column":8},"end":{"line":33,"column":null}},{"start":{"line":30,"column":8},"end":{"line":33,"column":null}}]},"5":{"loc":{"start":{"line":64,"column":6},"end":{"line":66,"column":null}},"type":"if","locations":[{"start":{"line":64,"column":6},"end":{"line":66,"column":null}},{"start":{"line":64,"column":6},"end":{"line":66,"column":null}}]},"6":{"loc":{"start":{"line":67,"column":6},"end":{"line":69,"column":null}},"type":"if","locations":[{"start":{"line":67,"column":6},"end":{"line":69,"column":null}},{"start":{"line":67,"column":6},"end":{"line":69,"column":null}}]},"7":{"loc":{"start":{"line":70,"column":6},"end":{"line":74,"column":null}},"type":"if","locations":[{"start":{"line":70,"column":6},"end":{"line":74,"column":null}},{"start":{"line":70,"column":6},"end":{"line":74,"column":null}}]},"8":{"loc":{"start":{"line":70,"column":10},"end":{"line":70,"column":41}},"type":"binary-expr","locations":[{"start":{"line":70,"column":10},"end":{"line":70,"column":41}},{"start":{"line":70,"column":45},"end":{"line":70,"column":63}}]},"9":{"loc":{"start":{"line":76,"column":6},"end":{"line":81,"column":null}},"type":"if","locations":[{"start":{"line":76,"column":6},"end":{"line":81,"column":null}},{"start":{"line":76,"column":6},"end":{"line":81,"column":null}}]},"10":{"loc":{"start":{"line":77,"column":8},"end":{"line":77,"column":39}},"type":"binary-expr","locations":[{"start":{"line":77,"column":8},"end":{"line":77,"column":39}},{"start":{"line":78,"column":8},"end":{"line":78,"column":44}}]},"11":{"loc":{"start":{"line":83,"column":6},"end":{"line":88,"column":null}},"type":"if","locations":[{"start":{"line":83,"column":6},"end":{"line":88,"column":null}},{"start":{"line":83,"column":6},"end":{"line":88,"column":null}}]},"12":{"loc":{"start":{"line":84,"column":8},"end":{"line":84,"column":38}},"type":"binary-expr","locations":[{"start":{"line":84,"column":8},"end":{"line":84,"column":38}},{"start":{"line":85,"column":8},"end":{"line":85,"column":44}}]},"13":{"loc":{"start":{"line":90,"column":6},"end":{"line":101,"column":null}},"type":"if","locations":[{"start":{"line":90,"column":6},"end":{"line":101,"column":null}},{"start":{"line":90,"column":6},"end":{"line":101,"column":null}}]},"14":{"loc":{"start":{"line":91,"column":8},"end":{"line":91,"column":39}},"type":"binary-expr","locations":[{"start":{"line":91,"column":8},"end":{"line":91,"column":39}},{"start":{"line":92,"column":8},"end":{"line":92,"column":50}}]},"15":{"loc":{"start":{"line":110,"column":27},"end":{"line":110,"column":31}},"type":"default-arg","locations":[{"start":{"line":110,"column":27},"end":{"line":110,"column":31}}]}},"s":{"0":1,"1":1,"2":6,"3":6,"4":4,"5":4,"6":47,"7":8,"8":39,"9":5,"10":5,"11":5,"12":9,"13":9,"14":9,"15":5,"16":5,"17":34,"18":34,"19":13,"20":13,"21":21,"22":21,"23":4,"24":2,"25":4,"26":4,"27":4,"28":4,"29":4,"30":4,"31":4,"32":98,"33":98,"34":92,"35":92,"36":4,"37":88,"38":6,"39":82,"40":4,"41":4,"42":4,"43":78,"44":24,"45":54,"46":6,"47":48,"48":6,"49":6,"50":6,"51":6,"52":6,"53":6,"54":42,"55":1,"56":53,"57":53,"58":1,"59":8,"60":8,"61":1,"62":0,"63":0,"64":1,"65":0,"66":0},"f":{"0":6,"1":4,"2":47,"3":2,"4":4,"5":98,"6":92,"7":53,"8":8,"9":0,"10":0,"11":0,"12":0},"b":{"0":[8,39],"1":[47,39],"2":[5,34],"3":[34,0],"4":[13,21],"5":[4,88],"6":[6,82],"7":[4,78],"8":[82,34],"9":[24,54],"10":[78,30],"11":[6,48],"12":[54,6],"13":[6,42],"14":[48,6],"15":[7]}}
,"/Volumes/HD/work/_temp/ctxexp-parser/src/core/Lexer.ts": {"path":"/Volumes/HD/work/_temp/ctxexp-parser/src/core/Lexer.ts","statementMap":{"0":{"start":{"line":1,"column":0},"end":{"line":1,"column":40}},"1":{"start":{"line":6,"column":4},"end":{"line":6,"column":19}},"2":{"start":{"line":10,"column":4},"end":{"line":10,"column":34}},"3":{"start":{"line":3,"column":0},"end":{"line":3,"column":13}}},"fnMap":{"0":{"name":"(anonymous_0)","decl":{"start":{"line":5,"column":2},"end":{"line":5,"column":14}},"loc":{"start":{"line":5,"column":17},"end":{"line":7,"column":3}}},"1":{"name":"(anonymous_1)","decl":{"start":{"line":9,"column":2},"end":{"line":9,"column":10}},"loc":{"start":{"line":9,"column":10},"end":{"line":11,"column":3}}}},"branchMap":{},"s":{"0":2,"1":7,"2":7,"3":2},"f":{"0":7,"1":7},"b":{}}
}
