{"/Volumes/HD/work/_temp/ctxexp-parser/src/core/CtxexpParser.ts": {"path":"/Volumes/HD/work/_temp/ctxexp-parser/src/core/CtxexpParser.ts","statementMap":{"0":{"start":{"line":1,"column":0},"end":{"line":1,"column":32}},"1":{"start":{"line":2,"column":0},"end":{"line":2,"column":43}},"2":{"start":{"line":8,"column":4},"end":{"line":8,"column":44}},"3":{"start":{"line":9,"column":4},"end":{"line":9,"column":26}},"4":{"start":{"line":13,"column":14},"end":{"line":13,"column":22}},"5":{"start":{"line":14,"column":16},"end":{"line":37,"column":5}},"6":{"start":{"line":15,"column":6},"end":{"line":17,"column":null}},"7":{"start":{"line":16,"column":8},"end":{"line":16,"column":19}},"8":{"start":{"line":18,"column":6},"end":{"line":27,"column":null}},"9":{"start":{"line":19,"column":21},"end":{"line":19,"column":23}},"10":{"start":{"line":20,"column":8},"end":{"line":24,"column":null}},"11":{"start":{"line":20,"column":21},"end":{"line":20,"column":22}},"12":{"start":{"line":21,"column":26},"end":{"line":21,"column":38}},"13":{"start":{"line":22,"column":22},"end":{"line":22,"column":37}},"14":{"start":{"line":23,"column":10},"end":{"line":23,"column":25}},"15":{"start":{"line":25,"column":20},"end":{"line":25,"column":43}},"16":{"start":{"line":26,"column":8},"end":{"line":26,"column":19}},"17":{"start":{"line":29,"column":6},"end":{"line":36,"column":null}},"18":{"start":{"line":30,"column":8},"end":{"line":33,"column":null}},"19":{"start":{"line":31,"column":22},"end":{"line":31,"column":39}},"20":{"start":{"line":32,"column":10},"end":{"line":32,"column":21}},"21":{"start":{"line":34,"column":20},"end":{"line":34,"column":50}},"22":{"start":{"line":35,"column":8},"end":{"line":35,"column":19}},"23":{"start":{"line":39,"column":4},"end":{"line":39,"column":23}},"24":{"start":{"line":42,"column":4},"end":{"line":42,"column":38}},"25":{"start":{"line":46,"column":19},"end":{"line":46,"column":30}},"26":{"start":{"line":48,"column":23},"end":{"line":48,"column":27}},"27":{"start":{"line":49,"column":27},"end":{"line":49,"column":31}},"28":{"start":{"line":50,"column":14},"end":{"line":50,"column":22}},"29":{"start":{"line":51,"column":16},"end":{"line":51,"column":18}},"30":{"start":{"line":53,"column":4},"end":{"line":53,"column":43}},"31":{"start":{"line":55,"column":4},"end":{"line":55,"column":15}},"32":{"start":{"line":58,"column":6},"end":{"line":58,"column":24}},"33":{"start":{"line":59,"column":6},"end":{"line":59,"column":29}},"34":{"start":{"line":63,"column":6},"end":{"line":63,"column":13}},"35":{"start":{"line":64,"column":6},"end":{"line":66,"column":null}},"36":{"start":{"line":65,"column":8},"end":{"line":65,"column":20}},"37":{"start":{"line":67,"column":6},"end":{"line":69,"column":null}},"38":{"start":{"line":68,"column":8},"end":{"line":68,"column":20}},"39":{"start":{"line":70,"column":6},"end":{"line":74,"column":null}},"40":{"start":{"line":71,"column":20},"end":{"line":71,"column":46}},"41":{"start":{"line":72,"column":8},"end":{"line":72,"column":28}},"42":{"start":{"line":73,"column":8},"end":{"line":73,"column":19}},"43":{"start":{"line":76,"column":6},"end":{"line":81,"column":null}},"44":{"start":{"line":80,"column":8},"end":{"line":80,"column":52}},"45":{"start":{"line":83,"column":6},"end":{"line":88,"column":null}},"46":{"start":{"line":87,"column":8},"end":{"line":87,"column":50}},"47":{"start":{"line":90,"column":6},"end":{"line":101,"column":null}},"48":{"start":{"line":94,"column":21},"end":{"line":94,"column":23}},"49":{"start":{"line":95,"column":8},"end":{"line":95,"column":56}},"50":{"start":{"line":96,"column":8},"end":{"line":96,"column":15}},"51":{"start":{"line":97,"column":8},"end":{"line":99,"column":null}},"52":{"start":{"line":98,"column":10},"end":{"line":98,"column":58}},"53":{"start":{"line":100,"column":8},"end":{"line":100,"column":20}},"54":{"start":{"line":103,"column":6},"end":{"line":103,"column":22}},"55":{"start":{"line":4,"column":0},"end":{"line":4,"column":13}},"56":{"start":{"line":111,"column":4},"end":{"line":111,"column":21}},"57":{"start":{"line":112,"column":4},"end":{"line":112,"column":21}},"58":{"start":{"line":107,"column":0},"end":{"line":107,"column":13}},"59":{"start":{"line":120,"column":4},"end":{"line":120,"column":21}},"60":{"start":{"line":121,"column":4},"end":{"line":121,"column":21}},"61":{"start":{"line":116,"column":0},"end":{"line":116,"column":13}},"62":{"start":{"line":127,"column":4},"end":{"line":127,"column":23}},"63":{"start":{"line":133,"column":4},"end":{"line":133,"column":23}},"64":{"start":{"line":136,"column":13},"end":{"line":147,"column":2}},"65":{"start":{"line":137,"column":12},"end":{"line":146,"column":4}},"66":{"start":{"line":149,"column":2},"end":{"line":149,"column":14}}},"fnMap":{"0":{"name":"(anonymous_0)","decl":{"start":{"line":7,"column":2},"end":{"line":7,"column":14}},"loc":{"start":{"line":7,"column":22},"end":{"line":10,"column":3}}},"1":{"name":"(anonymous_1)","decl":{"start":{"line":12,"column":2},"end":{"line":12,"column":9}},"loc":{"start":{"line":12,"column":13},"end":{"line":40,"column":3}}},"2":{"name":"(anonymous_2)","decl":{"start":{"line":14,"column":16},"end":{"line":14,"column":17}},"loc":{"start":{"line":14,"column":30},"end":{"line":37,"column":5}}},"3":{"name":"(anonymous_3)","decl":{"start":{"line":41,"column":2},"end":{"line":41,"column":6}},"loc":{"start":{"line":41,"column":6},"end":{"line":43,"column":3}}},"4":{"name":"(anonymous_4)","decl":{"start":{"line":45,"column":2},"end":{"line":45,"column":7}},"loc":{"start":{"line":45,"column":7},"end":{"line":105,"column":3}}},"5":{"name":"walk","decl":{"start":{"line":57,"column":13},"end":{"line":57,"column":17}},"loc":{"start":{"line":57,"column":17},"end":{"line":60,"column":5}}},"6":{"name":"access","decl":{"start":{"line":62,"column":13},"end":{"line":62,"column":19}},"loc":{"start":{"line":62,"column":19},"end":{"line":104,"column":5}}},"7":{"name":"(anonymous_7)","decl":{"start":{"line":110,"column":2},"end":{"line":110,"column":14}},"loc":{"start":{"line":110,"column":31},"end":{"line":113,"column":3}}},"8":{"name":"(anonymous_8)","decl":{"start":{"line":119,"column":2},"end":{"line":119,"column":14}},"loc":{"start":{"line":119,"column":24},"end":{"line":122,"column":3}}},"9":{"name":"(anonymous_9)","decl":{"start":{"line":126,"column":2},"end":{"line":126,"column":14}},"loc":{"start":{"line":126,"column":19},"end":{"line":128,"column":3}}},"10":{"name":"(anonymous_10)","decl":{"start":{"line":132,"column":2},"end":{"line":132,"column":14}},"loc":{"start":{"line":132,"column":19},"end":{"line":134,"column":3}}},"11":{"name":"(anonymous_11)","decl":{"start":{"line":137,"column":2},"end":{"line":137,"column":3}},"loc":{"start":{"line":137,"column":12},"end":{"line":146,"column":4}}},"12":{"name":"expFn","decl":{"start":{"line":148,"column":9},"end":{"line":148,"column":14}},"loc":{"start":{"line":148,"column":17},"end":{"line":150,"column":1}}}},"branchMap":{"0":{"loc":{"start":{"line":15,"column":6},"end":{"line":17,"column":null}},"type":"if","locations":[{"start":{"line":15,"column":6},"end":{"line":17,"column":null}},{"start":{"line":15,"column":6},"end":{"line":17,"column":null}}]},"1":{"loc":{"start":{"line":15,"column":10},"end":{"line":15,"column":15}},"type":"binary-expr","locations":[{"start":{"line":15,"column":10},"end":{"line":15,"column":15}},{"start":{"line":15,"column":19},"end":{"line":15,"column":49}}]},"2":{"loc":{"start":{"line":18,"column":6},"end":{"line":27,"column":null}},"type":"if","locations":[{"start":{"line":18,"column":6},"end":{"line":27,"column":null}},{"start":{"line":18,"column":6},"end":{"line":27,"column":null}}]},"3":{"loc":{"start":{"line":29,"column":6},"end":{"line":36,"column":null}},"type":"if","locations":[{"start":{"line":29,"column":6},"end":{"line":36,"column":null}},{"start":{"line":29,"column":6},"end":{"line":36,"column":null}}]},"4":{"loc":{"start":{"line":30,"column":8},"end":{"line":33,"column":null}},"type":"if","locations":[{"start":{"line":30,"column":8},"end":{"line":33,"column":null}},{"start":{"line":30,"column":8},"end":{"line":33,"column":null}}]},"5":{"loc":{"start":{"line":64,"column":6},"end":{"line":66,"column":null}},"type":"if","locations":[{"start":{"line":64,"column":6},"end":{"line":66,"column":null}},{"start":{"line":64,"column":6},"end":{"line":66,"column":null}}]},"6":{"loc":{"start":{"line":67,"column":6},"end":{"line":69,"column":null}},"type":"if","locations":[{"start":{"line":67,"column":6},"end":{"line":69,"column":null}},{"start":{"line":67,"column":6},"end":{"line":69,"column":null}}]},"7":{"loc":{"start":{"line":70,"column":6},"end":{"line":74,"column":null}},"type":"if","locations":[{"start":{"line":70,"column":6},"end":{"line":74,"column":null}},{"start":{"line":70,"column":6},"end":{"line":74,"column":null}}]},"8":{"loc":{"start":{"line":70,"column":10},"end":{"line":70,"column":41}},"type":"binary-expr","locations":[{"start":{"line":70,"column":10},"end":{"line":70,"column":41}},{"start":{"line":70,"column":45},"end":{"line":70,"column":63}}]},"9":{"loc":{"start":{"line":76,"column":6},"end":{"line":81,"column":null}},"type":"if","locations":[{"start":{"line":76,"column":6},"end":{"line":81,"column":null}},{"start":{"line":76,"column":6},"end":{"line":81,"column":null}}]},"10":{"loc":{"start":{"line":77,"column":8},"end":{"line":77,"column":39}},"type":"binary-expr","locations":[{"start":{"line":77,"column":8},"end":{"line":77,"column":39}},{"start":{"line":78,"column":8},"end":{"line":78,"column":44}}]},"11":{"loc":{"start":{"line":83,"column":6},"end":{"line":88,"column":null}},"type":"if","locations":[{"start":{"line":83,"column":6},"end":{"line":88,"column":null}},{"start":{"line":83,"column":6},"end":{"line":88,"column":null}}]},"12":{"loc":{"start":{"line":84,"column":8},"end":{"line":84,"column":38}},"type":"binary-expr","locations":[{"start":{"line":84,"column":8},"end":{"line":84,"column":38}},{"start":{"line":85,"column":8},"end":{"line":85,"column":44}}]},"13":{"loc":{"start":{"line":90,"column":6},"end":{"line":101,"column":null}},"type":"if","locations":[{"start":{"line":90,"column":6},"end":{"line":101,"column":null}},{"start":{"line":90,"column":6},"end":{"line":101,"column":null}}]},"14":{"loc":{"start":{"line":91,"column":8},"end":{"line":91,"column":39}},"type":"binary-expr","locations":[{"start":{"line":91,"column":8},"end":{"line":91,"column":39}},{"start":{"line":92,"column":8},"end":{"line":92,"column":50}}]},"15":{"loc":{"start":{"line":110,"column":27},"end":{"line":110,"column":31}},"type":"default-arg","locations":[{"start":{"line":110,"column":27},"end":{"line":110,"column":31}}]}},"s":{"0":1,"1":1,"2":6,"3":6,"4":4,"5":4,"6":47,"7":8,"8":39,"9":5,"10":5,"11":5,"12":9,"13":9,"14":9,"15":5,"16":5,"17":34,"18":34,"19":13,"20":13,"21":21,"22":21,"23":4,"24":2,"25":4,"26":4,"27":4,"28":4,"29":4,"30":4,"31":4,"32":98,"33":98,"34":92,"35":92,"36":4,"37":88,"38":6,"39":82,"40":4,"41":4,"42":4,"43":78,"44":24,"45":54,"46":6,"47":48,"48":6,"49":6,"50":6,"51":6,"52":6,"53":6,"54":42,"55":1,"56":53,"57":53,"58":1,"59":8,"60":8,"61":1,"62":0,"63":0,"64":1,"65":0,"66":0},"f":{"0":6,"1":4,"2":47,"3":2,"4":4,"5":98,"6":92,"7":53,"8":8,"9":0,"10":0,"11":0,"12":0},"b":{"0":[8,39],"1":[47,39],"2":[5,34],"3":[34,0],"4":[13,21],"5":[4,88],"6":[6,82],"7":[4,78],"8":[82,34],"9":[24,54],"10":[78,30],"11":[6,48],"12":[54,6],"13":[6,42],"14":[48,6],"15":[7]}}
,"/Volumes/HD/work/_temp/ctxexp-parser/src/core/Lexer.ts": {"path":"/Volumes/HD/work/_temp/ctxexp-parser/src/core/Lexer.ts","statementMap":{"0":{"start":{"line":1,"column":0},"end":{"line":1,"column":40}},"1":{"start":{"line":6,"column":4},"end":{"line":6,"column":19}},"2":{"start":{"line":10,"column":4},"end":{"line":10,"column":34}},"3":{"start":{"line":3,"column":0},"end":{"line":3,"column":13}}},"fnMap":{"0":{"name":"(anonymous_0)","decl":{"start":{"line":5,"column":2},"end":{"line":5,"column":14}},"loc":{"start":{"line":5,"column":17},"end":{"line":7,"column":3}}},"1":{"name":"(anonymous_1)","decl":{"start":{"line":9,"column":2},"end":{"line":9,"column":10}},"loc":{"start":{"line":9,"column":10},"end":{"line":11,"column":3}}}},"branchMap":{},"s":{"0":2,"1":7,"2":7,"3":2},"f":{"0":7,"1":7},"b":{}}
,"/Volumes/HD/work/_temp/ctxexp-parser/src/core/Stater.ts": {"path":"/Volumes/HD/work/_temp/ctxexp-parser/src/core/Stater.ts","statementMap":{"0":{"start":{"line":1,"column":0},"end":{"line":1,"column":43}},"1":{"start":{"line":4,"column":20},"end":{"line":4,"column":22}},"2":{"start":{"line":5,"column":14},"end":{"line":5,"column":15}},"3":{"start":{"line":6,"column":17},"end":{"line":6,"column":19}},"4":{"start":{"line":8,"column":16},"end":{"line":8,"column":21}},"5":{"start":{"line":9,"column":2},"end":{"line":13,"column":null}},"6":{"start":{"line":9,"column":15},"end":{"line":9,"column":16}},"7":{"start":{"line":10,"column":14},"end":{"line":10,"column":20}},"8":{"start":{"line":11,"column":4},"end":{"line":11,"column":14}},"9":{"start":{"line":12,"column":4},"end":{"line":12,"column":25}},"10":{"start":{"line":14,"column":2},"end":{"line":14,"column":10}},"11":{"start":{"line":15,"column":2},"end":{"line":15,"column":9}},"12":{"start":{"line":16,"column":2},"end":{"line":16,"column":22}},"13":{"start":{"line":18,"column":2},"end":{"line":18,"column":16}},"14":{"start":{"line":21,"column":4},"end":{"line":25,"column":null}},"15":{"start":{"line":22,"column":6},"end":{"line":22,"column":22}},"16":{"start":{"line":23,"column":6},"end":{"line":23,"column":13}},"17":{"start":{"line":24,"column":6},"end":{"line":24,"column":16}},"18":{"start":{"line":26,"column":4},"end":{"line":26,"column":17}},"19":{"start":{"line":30,"column":4},"end":{"line":34,"column":null}},"20":{"start":{"line":31,"column":6},"end":{"line":31,"column":22}},"21":{"start":{"line":32,"column":6},"end":{"line":32,"column":13}},"22":{"start":{"line":33,"column":6},"end":{"line":33,"column":16}},"23":{"start":{"line":38,"column":4},"end":{"line":41,"column":null}},"24":{"start":{"line":39,"column":6},"end":{"line":39,"column":22}},"25":{"start":{"line":40,"column":6},"end":{"line":40,"column":16}},"26":{"start":{"line":45,"column":4},"end":{"line":48,"column":null}},"27":{"start":{"line":46,"column":6},"end":{"line":46,"column":23}},"28":{"start":{"line":47,"column":6},"end":{"line":47,"column":16}},"29":{"start":{"line":49,"column":4},"end":{"line":54,"column":null}},"30":{"start":{"line":50,"column":6},"end":{"line":50,"column":13}},"31":{"start":{"line":51,"column":6},"end":{"line":51,"column":22}},"32":{"start":{"line":52,"column":6},"end":{"line":52,"column":13}},"33":{"start":{"line":53,"column":6},"end":{"line":53,"column":16}},"34":{"start":{"line":55,"column":4},"end":{"line":60,"column":null}},"35":{"start":{"line":56,"column":6},"end":{"line":56,"column":28}},"36":{"start":{"line":57,"column":6},"end":{"line":57,"column":22}},"37":{"start":{"line":58,"column":6},"end":{"line":58,"column":13}},"38":{"start":{"line":59,"column":6},"end":{"line":59,"column":16}},"39":{"start":{"line":61,"column":4},"end":{"line":66,"column":null}},"40":{"start":{"line":62,"column":6},"end":{"line":62,"column":13}},"41":{"start":{"line":63,"column":6},"end":{"line":63,"column":22}},"42":{"start":{"line":64,"column":6},"end":{"line":64,"column":13}},"43":{"start":{"line":65,"column":6},"end":{"line":65,"column":16}},"44":{"start":{"line":67,"column":4},"end":{"line":72,"column":null}},"45":{"start":{"line":68,"column":6},"end":{"line":68,"column":13}},"46":{"start":{"line":69,"column":6},"end":{"line":69,"column":22}},"47":{"start":{"line":70,"column":6},"end":{"line":70,"column":13}},"48":{"start":{"line":71,"column":6},"end":{"line":71,"column":16}},"49":{"start":{"line":73,"column":4},"end":{"line":78,"column":null}},"50":{"start":{"line":74,"column":6},"end":{"line":74,"column":13}},"51":{"start":{"line":75,"column":6},"end":{"line":75,"column":22}},"52":{"start":{"line":76,"column":6},"end":{"line":76,"column":13}},"53":{"start":{"line":77,"column":6},"end":{"line":77,"column":16}},"54":{"start":{"line":79,"column":4},"end":{"line":79,"column":15}},"55":{"start":{"line":83,"column":4},"end":{"line":86,"column":null}},"56":{"start":{"line":84,"column":6},"end":{"line":84,"column":22}},"57":{"start":{"line":85,"column":6},"end":{"line":85,"column":16}},"58":{"start":{"line":87,"column":4},"end":{"line":87,"column":15}},"59":{"start":{"line":91,"column":4},"end":{"line":94,"column":null}},"60":{"start":{"line":92,"column":6},"end":{"line":92,"column":22}},"61":{"start":{"line":93,"column":6},"end":{"line":93,"column":16}},"62":{"start":{"line":95,"column":4},"end":{"line":100,"column":null}},"63":{"start":{"line":96,"column":6},"end":{"line":96,"column":29}},"64":{"start":{"line":97,"column":6},"end":{"line":97,"column":22}},"65":{"start":{"line":98,"column":6},"end":{"line":98,"column":13}},"66":{"start":{"line":99,"column":6},"end":{"line":99,"column":16}},"67":{"start":{"line":104,"column":4},"end":{"line":108,"column":null}},"68":{"start":{"line":105,"column":6},"end":{"line":105,"column":22}},"69":{"start":{"line":106,"column":6},"end":{"line":106,"column":13}},"70":{"start":{"line":107,"column":6},"end":{"line":107,"column":16}},"71":{"start":{"line":110,"column":4},"end":{"line":113,"column":null}},"72":{"start":{"line":111,"column":6},"end":{"line":111,"column":22}},"73":{"start":{"line":112,"column":6},"end":{"line":112,"column":16}},"74":{"start":{"line":115,"column":4},"end":{"line":119,"column":null}},"75":{"start":{"line":116,"column":6},"end":{"line":116,"column":22}},"76":{"start":{"line":117,"column":6},"end":{"line":117,"column":13}},"77":{"start":{"line":118,"column":6},"end":{"line":118,"column":16}},"78":{"start":{"line":121,"column":4},"end":{"line":125,"column":null}},"79":{"start":{"line":122,"column":6},"end":{"line":122,"column":22}},"80":{"start":{"line":123,"column":6},"end":{"line":123,"column":13}},"81":{"start":{"line":124,"column":6},"end":{"line":124,"column":16}},"82":{"start":{"line":129,"column":4},"end":{"line":133,"column":null}},"83":{"start":{"line":130,"column":6},"end":{"line":130,"column":22}},"84":{"start":{"line":131,"column":6},"end":{"line":131,"column":13}},"85":{"start":{"line":132,"column":6},"end":{"line":132,"column":16}},"86":{"start":{"line":134,"column":4},"end":{"line":138,"column":null}},"87":{"start":{"line":135,"column":6},"end":{"line":135,"column":22}},"88":{"start":{"line":136,"column":6},"end":{"line":136,"column":13}},"89":{"start":{"line":137,"column":6},"end":{"line":137,"column":16}},"90":{"start":{"line":139,"column":4},"end":{"line":143,"column":null}},"91":{"start":{"line":140,"column":6},"end":{"line":140,"column":22}},"92":{"start":{"line":141,"column":6},"end":{"line":141,"column":35}},"93":{"start":{"line":142,"column":6},"end":{"line":142,"column":16}},"94":{"start":{"line":144,"column":4},"end":{"line":147,"column":null}},"95":{"start":{"line":145,"column":6},"end":{"line":145,"column":22}},"96":{"start":{"line":146,"column":6},"end":{"line":146,"column":16}},"97":{"start":{"line":149,"column":4},"end":{"line":149,"column":15}},"98":{"start":{"line":153,"column":4},"end":{"line":156,"column":null}},"99":{"start":{"line":154,"column":6},"end":{"line":154,"column":23}},"100":{"start":{"line":155,"column":6},"end":{"line":155,"column":16}},"101":{"start":{"line":157,"column":4},"end":{"line":162,"column":null}},"102":{"start":{"line":158,"column":6},"end":{"line":158,"column":29}},"103":{"start":{"line":159,"column":6},"end":{"line":159,"column":22}},"104":{"start":{"line":160,"column":6},"end":{"line":160,"column":13}},"105":{"start":{"line":161,"column":6},"end":{"line":161,"column":16}},"106":{"start":{"line":164,"column":4},"end":{"line":169,"column":null}},"107":{"start":{"line":165,"column":6},"end":{"line":165,"column":29}},"108":{"start":{"line":166,"column":6},"end":{"line":166,"column":22}},"109":{"start":{"line":167,"column":6},"end":{"line":167,"column":13}},"110":{"start":{"line":168,"column":6},"end":{"line":168,"column":16}},"111":{"start":{"line":173,"column":4},"end":{"line":176,"column":null}},"112":{"start":{"line":174,"column":6},"end":{"line":174,"column":22}},"113":{"start":{"line":175,"column":6},"end":{"line":175,"column":16}},"114":{"start":{"line":180,"column":4},"end":{"line":183,"column":null}},"115":{"start":{"line":181,"column":6},"end":{"line":181,"column":23}},"116":{"start":{"line":182,"column":6},"end":{"line":182,"column":16}},"117":{"start":{"line":185,"column":4},"end":{"line":190,"column":null}},"118":{"start":{"line":186,"column":6},"end":{"line":186,"column":29}},"119":{"start":{"line":187,"column":6},"end":{"line":187,"column":22}},"120":{"start":{"line":188,"column":6},"end":{"line":188,"column":36}},"121":{"start":{"line":189,"column":6},"end":{"line":189,"column":16}},"122":{"start":{"line":194,"column":4},"end":{"line":198,"column":null}},"123":{"start":{"line":195,"column":6},"end":{"line":195,"column":22}},"124":{"start":{"line":196,"column":6},"end":{"line":196,"column":13}},"125":{"start":{"line":197,"column":6},"end":{"line":197,"column":16}},"126":{"start":{"line":200,"column":4},"end":{"line":204,"column":null}},"127":{"start":{"line":201,"column":6},"end":{"line":201,"column":22}},"128":{"start":{"line":202,"column":6},"end":{"line":202,"column":13}},"129":{"start":{"line":203,"column":6},"end":{"line":203,"column":16}},"130":{"start":{"line":208,"column":4},"end":{"line":212,"column":null}},"131":{"start":{"line":209,"column":6},"end":{"line":209,"column":22}},"132":{"start":{"line":210,"column":6},"end":{"line":210,"column":13}},"133":{"start":{"line":211,"column":6},"end":{"line":211,"column":16}},"134":{"start":{"line":213,"column":4},"end":{"line":217,"column":null}},"135":{"start":{"line":214,"column":6},"end":{"line":214,"column":22}},"136":{"start":{"line":215,"column":6},"end":{"line":215,"column":13}},"137":{"start":{"line":216,"column":6},"end":{"line":216,"column":16}},"138":{"start":{"line":218,"column":4},"end":{"line":218,"column":15}},"139":{"start":{"line":222,"column":4},"end":{"line":226,"column":null}},"140":{"start":{"line":223,"column":6},"end":{"line":223,"column":22}},"141":{"start":{"line":224,"column":6},"end":{"line":224,"column":13}},"142":{"start":{"line":225,"column":6},"end":{"line":225,"column":16}},"143":{"start":{"line":227,"column":4},"end":{"line":231,"column":null}},"144":{"start":{"line":228,"column":6},"end":{"line":228,"column":22}},"145":{"start":{"line":229,"column":6},"end":{"line":229,"column":35}},"146":{"start":{"line":230,"column":6},"end":{"line":230,"column":16}},"147":{"start":{"line":233,"column":4},"end":{"line":236,"column":null}},"148":{"start":{"line":234,"column":6},"end":{"line":234,"column":22}},"149":{"start":{"line":235,"column":6},"end":{"line":235,"column":16}},"150":{"start":{"line":237,"column":4},"end":{"line":237,"column":15}},"151":{"start":{"line":241,"column":4},"end":{"line":241,"column":15}},"152":{"start":{"line":245,"column":4},"end":{"line":253,"column":null}},"153":{"start":{"line":246,"column":6},"end":{"line":252,"column":8}},"154":{"start":{"line":254,"column":4},"end":{"line":254,"column":21}},"155":{"start":{"line":3,"column":0},"end":{"line":3,"column":16}}},"fnMap":{"0":{"name":"createStater","decl":{"start":{"line":3,"column":16},"end":{"line":3,"column":28}},"loc":{"start":{"line":3,"column":32},"end":{"line":256,"column":1}}},"1":{"name":"start","decl":{"start":{"line":20,"column":11},"end":{"line":20,"column":16}},"loc":{"start":{"line":20,"column":26},"end":{"line":27,"column":3}}},"2":{"name":"O1","decl":{"start":{"line":29,"column":11},"end":{"line":29,"column":13}},"loc":{"start":{"line":29,"column":23},"end":{"line":35,"column":3}}},"3":{"name":"O2","decl":{"start":{"line":37,"column":11},"end":{"line":37,"column":13}},"loc":{"start":{"line":37,"column":23},"end":{"line":42,"column":3}}},"4":{"name":"S1","decl":{"start":{"line":44,"column":11},"end":{"line":44,"column":13}},"loc":{"start":{"line":44,"column":23},"end":{"line":80,"column":3}}},"5":{"name":"O3","decl":{"start":{"line":82,"column":11},"end":{"line":82,"column":13}},"loc":{"start":{"line":82,"column":23},"end":{"line":88,"column":3}}},"6":{"name":"N1","decl":{"start":{"line":90,"column":11},"end":{"line":90,"column":13}},"loc":{"start":{"line":90,"column":23},"end":{"line":101,"column":3}}},"7":{"name":"O4","decl":{"start":{"line":103,"column":11},"end":{"line":103,"column":13}},"loc":{"start":{"line":103,"column":23},"end":{"line":126,"column":3}}},"8":{"name":"O5","decl":{"start":{"line":128,"column":11},"end":{"line":128,"column":13}},"loc":{"start":{"line":128,"column":23},"end":{"line":150,"column":3}}},"9":{"name":"N2","decl":{"start":{"line":152,"column":11},"end":{"line":152,"column":13}},"loc":{"start":{"line":152,"column":23},"end":{"line":170,"column":3}}},"10":{"name":"O8","decl":{"start":{"line":172,"column":11},"end":{"line":172,"column":13}},"loc":{"start":{"line":172,"column":23},"end":{"line":177,"column":3}}},"11":{"name":"S2","decl":{"start":{"line":179,"column":11},"end":{"line":179,"column":13}},"loc":{"start":{"line":179,"column":23},"end":{"line":191,"column":3}}},"12":{"name":"O9","decl":{"start":{"line":193,"column":11},"end":{"line":193,"column":13}},"loc":{"start":{"line":193,"column":23},"end":{"line":205,"column":3}}},"13":{"name":"O6","decl":{"start":{"line":207,"column":11},"end":{"line":207,"column":13}},"loc":{"start":{"line":207,"column":23},"end":{"line":219,"column":3}}},"14":{"name":"O7","decl":{"start":{"line":221,"column":11},"end":{"line":221,"column":13}},"loc":{"start":{"line":221,"column":23},"end":{"line":238,"column":3}}},"15":{"name":"end","decl":{"start":{"line":240,"column":11},"end":{"line":240,"column":14}},"loc":{"start":{"line":240,"column":24},"end":{"line":242,"column":3}}},"16":{"name":"emit","decl":{"start":{"line":244,"column":11},"end":{"line":244,"column":15}},"loc":{"start":{"line":244,"column":32},"end":{"line":255,"column":3}}}},"branchMap":{"0":{"loc":{"start":{"line":21,"column":4},"end":{"line":25,"column":null}},"type":"if","locations":[{"start":{"line":21,"column":4},"end":{"line":25,"column":null}},{"start":{"line":21,"column":4},"end":{"line":25,"column":null}}]},"1":{"loc":{"start":{"line":30,"column":4},"end":{"line":34,"column":null}},"type":"if","locations":[{"start":{"line":30,"column":4},"end":{"line":34,"column":null}},{"start":{"line":30,"column":4},"end":{"line":34,"column":null}}]},"2":{"loc":{"start":{"line":38,"column":4},"end":{"line":41,"column":null}},"type":"if","locations":[{"start":{"line":38,"column":4},"end":{"line":41,"column":null}},{"start":{"line":38,"column":4},"end":{"line":41,"column":null}}]},"3":{"loc":{"start":{"line":45,"column":4},"end":{"line":48,"column":null}},"type":"if","locations":[{"start":{"line":45,"column":4},"end":{"line":48,"column":null}},{"start":{"line":45,"column":4},"end":{"line":48,"column":null}}]},"4":{"loc":{"start":{"line":49,"column":4},"end":{"line":54,"column":null}},"type":"if","locations":[{"start":{"line":49,"column":4},"end":{"line":54,"column":null}},{"start":{"line":49,"column":4},"end":{"line":54,"column":null}}]},"5":{"loc":{"start":{"line":55,"column":4},"end":{"line":60,"column":null}},"type":"if","locations":[{"start":{"line":55,"column":4},"end":{"line":60,"column":null}},{"start":{"line":55,"column":4},"end":{"line":60,"column":null}}]},"6":{"loc":{"start":{"line":61,"column":4},"end":{"line":66,"column":null}},"type":"if","locations":[{"start":{"line":61,"column":4},"end":{"line":66,"column":null}},{"start":{"line":61,"column":4},"end":{"line":66,"column":null}}]},"7":{"loc":{"start":{"line":67,"column":4},"end":{"line":72,"column":null}},"type":"if","locations":[{"start":{"line":67,"column":4},"end":{"line":72,"column":null}},{"start":{"line":67,"column":4},"end":{"line":72,"column":null}}]},"8":{"loc":{"start":{"line":73,"column":4},"end":{"line":78,"column":null}},"type":"if","locations":[{"start":{"line":73,"column":4},"end":{"line":78,"column":null}},{"start":{"line":73,"column":4},"end":{"line":78,"column":null}}]},"9":{"loc":{"start":{"line":83,"column":4},"end":{"line":86,"column":null}},"type":"if","locations":[{"start":{"line":83,"column":4},"end":{"line":86,"column":null}},{"start":{"line":83,"column":4},"end":{"line":86,"column":null}}]},"10":{"loc":{"start":{"line":91,"column":4},"end":{"line":94,"column":null}},"type":"if","locations":[{"start":{"line":91,"column":4},"end":{"line":94,"column":null}},{"start":{"line":91,"column":4},"end":{"line":94,"column":null}}]},"11":{"loc":{"start":{"line":95,"column":4},"end":{"line":100,"column":null}},"type":"if","locations":[{"start":{"line":95,"column":4},"end":{"line":100,"column":null}},{"start":{"line":95,"column":4},"end":{"line":100,"column":null}}]},"12":{"loc":{"start":{"line":104,"column":4},"end":{"line":108,"column":null}},"type":"if","locations":[{"start":{"line":104,"column":4},"end":{"line":108,"column":null}},{"start":{"line":104,"column":4},"end":{"line":108,"column":null}}]},"13":{"loc":{"start":{"line":110,"column":4},"end":{"line":113,"column":null}},"type":"if","locations":[{"start":{"line":110,"column":4},"end":{"line":113,"column":null}},{"start":{"line":110,"column":4},"end":{"line":113,"column":null}}]},"14":{"loc":{"start":{"line":115,"column":4},"end":{"line":119,"column":null}},"type":"if","locations":[{"start":{"line":115,"column":4},"end":{"line":119,"column":null}},{"start":{"line":115,"column":4},"end":{"line":119,"column":null}}]},"15":{"loc":{"start":{"line":121,"column":4},"end":{"line":125,"column":null}},"type":"if","locations":[{"start":{"line":121,"column":4},"end":{"line":125,"column":null}},{"start":{"line":121,"column":4},"end":{"line":125,"column":null}}]},"16":{"loc":{"start":{"line":129,"column":4},"end":{"line":133,"column":null}},"type":"if","locations":[{"start":{"line":129,"column":4},"end":{"line":133,"column":null}},{"start":{"line":129,"column":4},"end":{"line":133,"column":null}}]},"17":{"loc":{"start":{"line":134,"column":4},"end":{"line":138,"column":null}},"type":"if","locations":[{"start":{"line":134,"column":4},"end":{"line":138,"column":null}},{"start":{"line":134,"column":4},"end":{"line":138,"column":null}}]},"18":{"loc":{"start":{"line":139,"column":4},"end":{"line":143,"column":null}},"type":"if","locations":[{"start":{"line":139,"column":4},"end":{"line":143,"column":null}},{"start":{"line":139,"column":4},"end":{"line":143,"column":null}}]},"19":{"loc":{"start":{"line":144,"column":4},"end":{"line":147,"column":null}},"type":"if","locations":[{"start":{"line":144,"column":4},"end":{"line":147,"column":null}},{"start":{"line":144,"column":4},"end":{"line":147,"column":null}}]},"20":{"loc":{"start":{"line":153,"column":4},"end":{"line":156,"column":null}},"type":"if","locations":[{"start":{"line":153,"column":4},"end":{"line":156,"column":null}},{"start":{"line":153,"column":4},"end":{"line":156,"column":null}}]},"21":{"loc":{"start":{"line":157,"column":4},"end":{"line":162,"column":null}},"type":"if","locations":[{"start":{"line":157,"column":4},"end":{"line":162,"column":null}},{"start":{"line":157,"column":4},"end":{"line":162,"column":null}}]},"22":{"loc":{"start":{"line":164,"column":4},"end":{"line":169,"column":null}},"type":"if","locations":[{"start":{"line":164,"column":4},"end":{"line":169,"column":null}},{"start":{"line":164,"column":4},"end":{"line":169,"column":null}}]},"23":{"loc":{"start":{"line":173,"column":4},"end":{"line":176,"column":null}},"type":"if","locations":[{"start":{"line":173,"column":4},"end":{"line":176,"column":null}},{"start":{"line":173,"column":4},"end":{"line":176,"column":null}}]},"24":{"loc":{"start":{"line":180,"column":4},"end":{"line":183,"column":null}},"type":"if","locations":[{"start":{"line":180,"column":4},"end":{"line":183,"column":null}},{"start":{"line":180,"column":4},"end":{"line":183,"column":null}}]},"25":{"loc":{"start":{"line":185,"column":4},"end":{"line":190,"column":null}},"type":"if","locations":[{"start":{"line":185,"column":4},"end":{"line":190,"column":null}},{"start":{"line":185,"column":4},"end":{"line":190,"column":null}}]},"26":{"loc":{"start":{"line":194,"column":4},"end":{"line":198,"column":null}},"type":"if","locations":[{"start":{"line":194,"column":4},"end":{"line":198,"column":null}},{"start":{"line":194,"column":4},"end":{"line":198,"column":null}}]},"27":{"loc":{"start":{"line":200,"column":4},"end":{"line":204,"column":null}},"type":"if","locations":[{"start":{"line":200,"column":4},"end":{"line":204,"column":null}},{"start":{"line":200,"column":4},"end":{"line":204,"column":null}}]},"28":{"loc":{"start":{"line":208,"column":4},"end":{"line":212,"column":null}},"type":"if","locations":[{"start":{"line":208,"column":4},"end":{"line":212,"column":null}},{"start":{"line":208,"column":4},"end":{"line":212,"column":null}}]},"29":{"loc":{"start":{"line":213,"column":4},"end":{"line":217,"column":null}},"type":"if","locations":[{"start":{"line":213,"column":4},"end":{"line":217,"column":null}},{"start":{"line":213,"column":4},"end":{"line":217,"column":null}}]},"30":{"loc":{"start":{"line":222,"column":4},"end":{"line":226,"column":null}},"type":"if","locations":[{"start":{"line":222,"column":4},"end":{"line":226,"column":null}},{"start":{"line":222,"column":4},"end":{"line":226,"column":null}}]},"31":{"loc":{"start":{"line":227,"column":4},"end":{"line":231,"column":null}},"type":"if","locations":[{"start":{"line":227,"column":4},"end":{"line":231,"column":null}},{"start":{"line":227,"column":4},"end":{"line":231,"column":null}}]},"32":{"loc":{"start":{"line":233,"column":4},"end":{"line":236,"column":null}},"type":"if","locations":[{"start":{"line":233,"column":4},"end":{"line":236,"column":null}},{"start":{"line":233,"column":4},"end":{"line":236,"column":null}}]},"33":{"loc":{"start":{"line":245,"column":4},"end":{"line":253,"column":null}},"type":"if","locations":[{"start":{"line":245,"column":4},"end":{"line":253,"column":null}},{"start":{"line":245,"column":4},"end":{"line":253,"column":null}}]},"34":{"loc":{"start":{"line":249,"column":35},"end":{"line":249,"column":61}},"type":"cond-expr","locations":[{"start":{"line":249,"column":35},"end":{"line":249,"column":61}},{"start":{"line":249,"column":64},"end":{"line":249,"column":69}}]}},"s":{"0":2,"1":7,"2":7,"3":7,"4":7,"5":7,"6":7,"7":259,"8":259,"9":259,"10":7,"11":7,"12":7,"13":7,"14":7,"15":7,"16":7,"17":7,"18":0,"19":26,"20":26,"21":26,"22":26,"23":47,"24":47,"25":47,"26":126,"27":79,"28":79,"29":47,"30":20,"31":20,"32":20,"33":20,"34":27,"35":10,"36":10,"37":10,"38":10,"39":17,"40":6,"41":6,"42":6,"43":6,"44":11,"45":8,"46":8,"47":8,"48":8,"49":3,"50":3,"51":3,"52":3,"53":3,"54":0,"55":3,"56":3,"57":3,"58":0,"59":3,"60":0,"61":0,"62":3,"63":3,"64":3,"65":3,"66":3,"67":3,"68":1,"69":1,"70":1,"71":2,"72":0,"73":0,"74":2,"75":1,"76":1,"77":1,"78":1,"79":1,"80":1,"81":1,"82":11,"83":9,"84":9,"85":9,"86":2,"87":1,"88":1,"89":1,"90":1,"91":1,"92":1,"93":1,"94":0,"95":0,"96":0,"97":0,"98":4,"99":2,"100":2,"101":2,"102":0,"103":0,"104":0,"105":0,"106":2,"107":2,"108":2,"109":2,"110":2,"111":2,"112":2,"113":2,"114":8,"115":6,"116":6,"117":2,"118":2,"119":2,"120":2,"121":2,"122":2,"123":1,"124":1,"125":1,"126":1,"127":1,"128":1,"129":1,"130":4,"131":3,"132":3,"133":3,"134":1,"135":1,"136":1,"137":1,"138":0,"139":13,"140":10,"141":10,"142":10,"143":3,"144":1,"145":1,"146":1,"147":2,"148":2,"149":2,"150":0,"151":0,"152":186,"153":172,"154":186,"155":2},"f":{"0":7,"1":7,"2":26,"3":47,"4":126,"5":3,"6":3,"7":3,"8":11,"9":4,"10":2,"11":8,"12":2,"13":4,"14":13,"15":0,"16":186},"b":{"0":[7,0],"1":[26,0],"2":[47,0],"3":[79,47],"4":[20,27],"5":[10,17],"6":[6,11],"7":[8,3],"8":[3,0],"9":[3,0],"10":[0,3],"11":[3,0],"12":[1,2],"13":[0,2],"14":[1,1],"15":[1,0],"16":[9,2],"17":[1,1],"18":[1,0],"19":[0,0],"20":[2,2],"21":[0,2],"22":[2,0],"23":[2,0],"24":[6,2],"25":[2,0],"26":[1,1],"27":[1,0],"28":[3,1],"29":[1,0],"30":[10,3],"31":[1,2],"32":[2,0],"33":[172,14],"34":[48,124]}}
,"/Volumes/HD/work/_temp/ctxexp-parser/src/core/Token.ts": {"path":"/Volumes/HD/work/_temp/ctxexp-parser/src/core/Token.ts","statementMap":{"0":{"start":{"line":1,"column":0},"end":{"line":1,"column":50}},"1":{"start":{"line":3,"column":0},"end":{"line":3,"column":null}},"2":{"start":{"line":4,"column":2},"end":{"line":4,"column":null}},"3":{"start":{"line":5,"column":2},"end":{"line":5,"column":null}},"4":{"start":{"line":6,"column":2},"end":{"line":6,"column":null}},"5":{"start":{"line":7,"column":2},"end":{"line":7,"column":null}},"6":{"start":{"line":8,"column":2},"end":{"line":8,"column":null}},"7":{"start":{"line":9,"column":2},"end":{"line":9,"column":null}},"8":{"start":{"line":10,"column":2},"end":{"line":10,"column":null}},"9":{"start":{"line":11,"column":2},"end":{"line":11,"column":null}},"10":{"start":{"line":12,"column":2},"end":{"line":12,"column":null}},"11":{"start":{"line":13,"column":2},"end":{"line":13,"column":null}},"12":{"start":{"line":14,"column":2},"end":{"line":14,"column":null}},"13":{"start":{"line":15,"column":2},"end":{"line":15,"column":null}},"14":{"start":{"line":16,"column":2},"end":{"line":16,"column":null}},"15":{"start":{"line":17,"column":2},"end":{"line":17,"column":null}},"16":{"start":{"line":20,"column":0},"end":{"line":20,"column":22}},"17":{"start":{"line":31,"column":4},"end":{"line":31,"column":21}},"18":{"start":{"line":32,"column":4},"end":{"line":32,"column":21}},"19":{"start":{"line":33,"column":4},"end":{"line":33,"column":19}},"20":{"start":{"line":22,"column":0},"end":{"line":22,"column":13}}},"fnMap":{"0":{"name":"(anonymous_0)","decl":{"start":{"line":3,"column":0},"end":{"line":3,"column":12}},"loc":{"start":{"line":3,"column":21},"end":{"line":18,"column":1}}},"1":{"name":"(anonymous_1)","decl":{"start":{"line":26,"column":2},"end":{"line":26,"column":null}},"loc":{"start":{"line":29,"column":57},"end":{"line":34,"column":3}}}},"branchMap":{"0":{"loc":{"start":{"line":3,"column":12},"end":{"line":3,"column":21}},"type":"binary-expr","locations":[{"start":{"line":3,"column":12},"end":{"line":3,"column":21}},{"start":{"line":3,"column":12},"end":{"line":3,"column":null}}]},"1":{"loc":{"start":{"line":29,"column":11},"end":{"line":29,"column":57}},"type":"default-arg","locations":[{"start":{"line":29,"column":11},"end":{"line":29,"column":57}}]},"2":{"loc":{"start":{"line":29,"column":11},"end":{"line":29,"column":37}},"type":"binary-expr","locations":[{"start":{"line":29,"column":11},"end":{"line":29,"column":37}},{"start":{"line":29,"column":41},"end":{"line":29,"column":57}}]}},"s":{"0":2,"1":2,"2":2,"3":2,"4":2,"5":2,"6":2,"7":2,"8":2,"9":2,"10":2,"11":2,"12":2,"13":2,"14":2,"15":2,"16":2,"17":172,"18":172,"19":172,"20":2},"f":{"0":2,"1":172},"b":{"0":[2,2],"1":[151],"2":[151,63]}}
,"/Volumes/HD/work/_temp/ctxexp-parser/src/helper/mapperEnum.ts": {"path":"/Volumes/HD/work/_temp/ctxexp-parser/src/helper/mapperEnum.ts","statementMap":{"0":{"start":{"line":2,"column":2},"end":{"line":7,"column":null}},"1":{"start":{"line":3,"column":4},"end":{"line":6,"column":7}},"2":{"start":{"line":1,"column":0},"end":{"line":1,"column":16}}},"fnMap":{"0":{"name":"mapperEnum","decl":{"start":{"line":1,"column":16},"end":{"line":1,"column":26}},"loc":{"start":{"line":1,"column":37},"end":{"line":8,"column":1}}}},"branchMap":{},"s":{"0":2,"1":28,"2":2},"f":{"0":2},"b":{}}
}
