TN:
SF:src/core/CtxexpParser.ts
FN:7,(anonymous_0)
FN:12,(anonymous_1)
FN:14,(anonymous_2)
FN:41,(anonymous_3)
FN:45,(anonymous_4)
FN:57,walk
FN:62,access
FN:110,(anonymous_7)
FN:119,(anonymous_8)
FN:126,(anonymous_9)
FN:132,(anonymous_10)
FN:137,(anonymous_11)
FN:148,expFn
FNF:13
FNH:9
FNDA:6,(anonymous_0)
FNDA:4,(anonymous_1)
FNDA:47,(anonymous_2)
FNDA:2,(anonymous_3)
FNDA:4,(anonymous_4)
FNDA:98,walk
FNDA:92,access
FNDA:53,(anonymous_7)
FNDA:8,(anonymous_8)
FNDA:0,(anonymous_9)
FNDA:0,(anonymous_10)
FNDA:0,(anonymous_11)
FNDA:0,expFn
DA:1,1
DA:2,1
DA:4,1
DA:8,6
DA:9,6
DA:13,4
DA:14,4
DA:15,47
DA:16,8
DA:18,39
DA:19,5
DA:20,5
DA:21,9
DA:22,9
DA:23,9
DA:25,5
DA:26,5
DA:29,34
DA:30,34
DA:31,13
DA:32,13
DA:34,21
DA:35,21
DA:39,4
DA:42,2
DA:46,4
DA:48,4
DA:49,4
DA:50,4
DA:51,4
DA:53,4
DA:55,4
DA:58,98
DA:59,98
DA:63,92
DA:64,92
DA:65,4
DA:67,88
DA:68,6
DA:70,82
DA:71,4
DA:72,4
DA:73,4
DA:76,78
DA:80,24
DA:83,54
DA:87,6
DA:90,48
DA:94,6
DA:95,6
DA:96,6
DA:97,6
DA:98,6
DA:100,6
DA:103,42
DA:107,1
DA:111,53
DA:112,53
DA:116,1
DA:120,8
DA:121,8
DA:127,0
DA:133,0
DA:136,1
DA:137,0
DA:149,0
LF:66
LH:62
BRDA:15,0,0,8
BRDA:15,0,1,39
BRDA:15,1,0,47
BRDA:15,1,1,39
BRDA:18,2,0,5
BRDA:18,2,1,34
BRDA:29,3,0,34
BRDA:29,3,1,0
BRDA:30,4,0,13
BRDA:30,4,1,21
BRDA:64,5,0,4
BRDA:64,5,1,88
BRDA:67,6,0,6
BRDA:67,6,1,82
BRDA:70,7,0,4
BRDA:70,7,1,78
BRDA:70,8,0,82
BRDA:70,8,1,34
BRDA:76,9,0,24
BRDA:76,9,1,54
BRDA:77,10,0,78
BRDA:77,10,1,30
BRDA:83,11,0,6
BRDA:83,11,1,48
BRDA:84,12,0,54
BRDA:84,12,1,6
BRDA:90,13,0,6
BRDA:90,13,1,42
BRDA:91,14,0,48
BRDA:91,14,1,6
BRDA:110,15,0,7
BRF:31
BRH:30
end_of_record
TN:
SF:src/core/Lexer.ts
FN:5,(anonymous_0)
FN:9,(anonymous_1)
FNF:2
FNH:2
FNDA:7,(anonymous_0)
FNDA:7,(anonymous_1)
DA:1,2
DA:3,2
DA:6,7
DA:10,7
LF:4
LH:4
BRF:0
BRH:0
end_of_record
TN:
SF:src/core/Stater.ts
FN:3,createStater
FN:20,start
FN:29,O1
FN:37,O2
FN:44,S1
FN:82,O3
FN:90,N1
FN:103,O4
FN:128,O5
FN:152,N2
FN:172,O8
FN:179,S2
FN:193,O9
FN:207,O6
FN:221,O7
FN:240,end
FN:244,emit
FNF:17
FNH:16
FNDA:7,createStater
FNDA:7,start
FNDA:26,O1
FNDA:47,O2
FNDA:126,S1
FNDA:3,O3
FNDA:3,N1
FNDA:3,O4
FNDA:11,O5
FNDA:4,N2
FNDA:2,O8
FNDA:8,S2
FNDA:2,O9
FNDA:4,O6
FNDA:13,O7
FNDA:0,end
FNDA:186,emit
DA:1,2
DA:3,2
DA:4,7
DA:5,7
DA:6,7
DA:8,7
DA:9,7
DA:10,259
DA:11,259
DA:12,259
DA:14,7
DA:15,7
DA:16,7
DA:18,7
DA:21,7
DA:22,7
DA:23,7
DA:24,7
DA:26,0
DA:30,26
DA:31,26
DA:32,26
DA:33,26
DA:38,47
DA:39,47
DA:40,47
DA:45,126
DA:46,79
DA:47,79
DA:49,47
DA:50,20
DA:51,20
DA:52,20
DA:53,20
DA:55,27
DA:56,10
DA:57,10
DA:58,10
DA:59,10
DA:61,17
DA:62,6
DA:63,6
DA:64,6
DA:65,6
DA:67,11
DA:68,8
DA:69,8
DA:70,8
DA:71,8
DA:73,3
DA:74,3
DA:75,3
DA:76,3
DA:77,3
DA:79,0
DA:83,3
DA:84,3
DA:85,3
DA:87,0
DA:91,3
DA:92,0
DA:93,0
DA:95,3
DA:96,3
DA:97,3
DA:98,3
DA:99,3
DA:104,3
DA:105,1
DA:106,1
DA:107,1
DA:110,2
DA:111,0
DA:112,0
DA:115,2
DA:116,1
DA:117,1
DA:118,1
DA:121,1
DA:122,1
DA:123,1
DA:124,1
DA:129,11
DA:130,9
DA:131,9
DA:132,9
DA:134,2
DA:135,1
DA:136,1
DA:137,1
DA:139,1
DA:140,1
DA:141,1
DA:142,1
DA:144,0
DA:145,0
DA:146,0
DA:149,0
DA:153,4
DA:154,2
DA:155,2
DA:157,2
DA:158,0
DA:159,0
DA:160,0
DA:161,0
DA:164,2
DA:165,2
DA:166,2
DA:167,2
DA:168,2
DA:173,2
DA:174,2
DA:175,2
DA:180,8
DA:181,6
DA:182,6
DA:185,2
DA:186,2
DA:187,2
DA:188,2
DA:189,2
DA:194,2
DA:195,1
DA:196,1
DA:197,1
DA:200,1
DA:201,1
DA:202,1
DA:203,1
DA:208,4
DA:209,3
DA:210,3
DA:211,3
DA:213,1
DA:214,1
DA:215,1
DA:216,1
DA:218,0
DA:222,13
DA:223,10
DA:224,10
DA:225,10
DA:227,3
DA:228,1
DA:229,1
DA:230,1
DA:233,2
DA:234,2
DA:235,2
DA:237,0
DA:241,0
DA:245,186
DA:246,172
DA:254,186
LF:155
LH:137
BRDA:21,0,0,7
BRDA:21,0,1,0
BRDA:30,1,0,26
BRDA:30,1,1,0
BRDA:38,2,0,47
BRDA:38,2,1,0
BRDA:45,3,0,79
BRDA:45,3,1,47
BRDA:49,4,0,20
BRDA:49,4,1,27
BRDA:55,5,0,10
BRDA:55,5,1,17
BRDA:61,6,0,6
BRDA:61,6,1,11
BRDA:67,7,0,8
BRDA:67,7,1,3
BRDA:73,8,0,3
BRDA:73,8,1,0
BRDA:83,9,0,3
BRDA:83,9,1,0
BRDA:91,10,0,0
BRDA:91,10,1,3
BRDA:95,11,0,3
BRDA:95,11,1,0
BRDA:104,12,0,1
BRDA:104,12,1,2
BRDA:110,13,0,0
BRDA:110,13,1,2
BRDA:115,14,0,1
BRDA:115,14,1,1
BRDA:121,15,0,1
BRDA:121,15,1,0
BRDA:129,16,0,9
BRDA:129,16,1,2
BRDA:134,17,0,1
BRDA:134,17,1,1
BRDA:139,18,0,1
BRDA:139,18,1,0
BRDA:144,19,0,0
BRDA:144,19,1,0
BRDA:153,20,0,2
BRDA:153,20,1,2
BRDA:157,21,0,0
BRDA:157,21,1,2
BRDA:164,22,0,2
BRDA:164,22,1,0
BRDA:173,23,0,2
BRDA:173,23,1,0
BRDA:180,24,0,6
BRDA:180,24,1,2
BRDA:185,25,0,2
BRDA:185,25,1,0
BRDA:194,26,0,1
BRDA:194,26,1,1
BRDA:200,27,0,1
BRDA:200,27,1,0
BRDA:208,28,0,3
BRDA:208,28,1,1
BRDA:213,29,0,1
BRDA:213,29,1,0
BRDA:222,30,0,10
BRDA:222,30,1,3
BRDA:227,31,0,1
BRDA:227,31,1,2
BRDA:233,32,0,2
BRDA:233,32,1,0
BRDA:245,33,0,172
BRDA:245,33,1,14
BRDA:249,34,0,48
BRDA:249,34,1,124
BRF:70
BRH:51
end_of_record
TN:
SF:src/core/Token.ts
FN:3,(anonymous_0)
FN:26,(anonymous_1)
FNF:2
FNH:2
FNDA:2,(anonymous_0)
FNDA:172,(anonymous_1)
DA:1,2
DA:3,2
DA:4,2
DA:5,2
DA:6,2
DA:7,2
DA:8,2
DA:9,2
DA:10,2
DA:11,2
DA:12,2
DA:13,2
DA:14,2
DA:15,2
DA:16,2
DA:17,2
DA:20,2
DA:22,2
DA:31,172
DA:32,172
DA:33,172
LF:21
LH:21
BRDA:3,0,0,2
BRDA:3,0,1,2
BRDA:29,1,0,151
BRDA:29,2,0,151
BRDA:29,2,1,63
BRF:5
BRH:5
end_of_record
TN:
SF:src/helper/mapperEnum.ts
FN:1,mapperEnum
FNF:1
FNH:1
FNDA:2,mapperEnum
DA:1,2
DA:2,2
DA:3,28
LF:3
LH:3
BRF:0
BRH:0
end_of_record
