TN:
SF:src/core/CtxexpParser.ts
FN:9,(anonymous_0)
FN:14,(anonymous_1)
FN:16,(anonymous_2)
FN:57,(anonymous_3)
FN:61,(anonymous_4)
FN:70,walk
FN:75,access
FNF:7
FNH:7
FNDA:15,(anonymous_0)
FNDA:14,(anonymous_1)
FNDA:121,(anonymous_2)
FNDA:13,(anonymous_3)
FNDA:14,(anonymous_4)
FNDA:267,walk
FNDA:185,access
DA:1,1
DA:2,1
DA:3,1
DA:4,1
DA:6,1
DA:10,15
DA:11,15
DA:15,14
DA:16,14
DA:17,121
DA:18,18
DA:20,103
DA:21,16
DA:22,16
DA:23,39
DA:24,39
DA:25,38
DA:27,15
DA:28,1
DA:34,14
DA:35,14
DA:38,87
DA:39,68
DA:40,34
DA:41,32
DA:43,34
DA:44,0
DA:46,34
DA:47,32
DA:50,19
DA:51,19
DA:55,14
DA:58,13
DA:62,14
DA:64,14
DA:65,14
DA:66,14
DA:68,14
DA:71,267
DA:72,267
DA:76,185
DA:77,185
DA:78,9
DA:80,176
DA:81,10
DA:83,166
DA:84,14
DA:87,152
DA:91,36
DA:94,116
DA:98,17
DA:101,99
DA:102,17
DA:103,17
DA:104,4
DA:105,4
DA:106,13
DA:107,4
DA:108,4
DA:109,4
DA:110,4
DA:112,9
DA:114,17
DA:115,17
DA:116,24
DA:117,4
DA:118,4
DA:119,20
DA:120,7
DA:121,7
DA:122,7
DA:123,7
DA:125,13
DA:127,24
DA:129,17
DA:132,82
LF:76
LH:75
BRDA:17,0,0,18
BRDA:17,0,1,103
BRDA:17,1,0,121
BRDA:17,1,1,103
BRDA:20,2,0,16
BRDA:20,2,1,87
BRDA:27,3,0,1
BRDA:27,3,1,14
BRDA:27,4,0,15
BRDA:27,4,1,15
BRDA:38,5,0,68
BRDA:38,5,1,19
BRDA:39,6,0,34
BRDA:39,6,1,34
BRDA:43,7,0,0
BRDA:43,7,1,34
BRDA:50,8,0,19
BRDA:50,8,1,0
BRDA:77,9,0,9
BRDA:77,9,1,176
BRDA:80,10,0,10
BRDA:80,10,1,166
BRDA:83,11,0,14
BRDA:83,11,1,152
BRDA:83,12,0,166
BRDA:83,12,1,59
BRDA:87,13,0,36
BRDA:87,13,1,116
BRDA:88,14,0,152
BRDA:88,14,1,45
BRDA:94,15,0,17
BRDA:94,15,1,99
BRDA:95,16,0,116
BRDA:95,16,1,17
BRDA:101,17,0,17
BRDA:101,17,1,82
BRDA:103,18,0,4
BRDA:103,18,1,13
BRDA:106,19,0,4
BRDA:106,19,1,9
BRDA:116,20,0,4
BRDA:116,20,1,20
BRDA:119,21,0,7
BRDA:119,21,1,13
BRF:44
BRH:42
end_of_record
TN:
SF:src/core/Node.ts
FN:5,(anonymous_0)
FN:16,(anonymous_1)
FN:25,(anonymous_2)
FNF:3
FNH:3
FNDA:80,(anonymous_0)
FNDA:18,(anonymous_1)
FNDA:19,(anonymous_2)
DA:1,1
DA:6,80
DA:7,80
DA:8,80
DA:12,1
DA:17,18
DA:18,18
DA:19,18
DA:22,1
DA:26,19
DA:27,19
LF:11
LH:11
BRDA:5,0,0,2
BRDA:5,1,0,2
BRDA:16,2,0,0
BRDA:16,3,0,0
BRDA:25,4,0,0
BRF:5
BRH:2
end_of_record
